2021-11-11 15:02:12.078  INFO 16620 --- [main] tn.esprit.spring.EmployeControlTest      : Starting EmployeControlTest on DESKTOP-RKADK75 with PID 16620 (started by 21658 in C:\Users\21658\Desktop\DLL\Devops-main)
2021-11-11 15:02:12.078  INFO 16620 --- [main] tn.esprit.spring.EmployeControlTest      : No active profile set, falling back to default profiles: default
2021-11-11 15:02:15.211  INFO 16620 --- [main] .s.d.r.c.RepositoryConfigurationDelegate : Bootstrapping Spring Data repositories in DEFAULT mode.
2021-11-11 15:02:15.484  INFO 16620 --- [main] .s.d.r.c.RepositoryConfigurationDelegate : Finished Spring Data repository scanning in 234ms. Found 6 repository interfaces.
2021-11-11 15:02:16.797  INFO 16620 --- [main] trationDelegate$BeanPostProcessorChecker : Bean 'org.springframework.transaction.annotation.ProxyTransactionManagementConfiguration' of type [org.springframework.transaction.annotation.ProxyTransactionManagementConfiguration$$EnhancerBySpringCGLIB$$3fc1c99c] is not eligible for getting processed by all BeanPostProcessors (for example: not eligible for auto-proxying)
2021-11-11 15:02:17.936  INFO 16620 --- [main] com.zaxxer.hikari.HikariDataSource       : HikariPool-1 - Starting...
2021-11-11 15:02:18.408  INFO 16620 --- [main] com.zaxxer.hikari.HikariDataSource       : HikariPool-1 - Start completed.
2021-11-11 15:02:18.893  INFO 16620 --- [main] o.hibernate.jpa.internal.util.LogHelper  : HHH000204: Processing PersistenceUnitInfo [
	name: default
	...]
2021-11-11 15:02:19.155  INFO 16620 --- [main] org.hibernate.Version                    : HHH000412: Hibernate Core {5.3.9.Final}
2021-11-11 15:02:19.160  INFO 16620 --- [main] org.hibernate.cfg.Environment            : HHH000206: hibernate.properties not found
2021-11-11 15:02:19.897  INFO 16620 --- [main] o.hibernate.annotations.common.Version   : HCANN000001: Hibernate Commons Annotations {5.0.4.Final}
2021-11-11 15:02:21.006  INFO 16620 --- [main] org.hibernate.dialect.Dialect            : HHH000400: Using dialect: org.hibernate.dialect.MySQL5Dialect
2021-11-11 15:02:21.937  WARN 16620 --- [main] org.hibernate.mapping.RootClass          : HHH000038: Composite-id class does not override equals(): tn.esprit.spring.entities.TimesheetPK
2021-11-11 15:02:21.952  WARN 16620 --- [main] org.hibernate.mapping.RootClass          : HHH000039: Composite-id class does not override hashCode(): tn.esprit.spring.entities.TimesheetPK
2021-11-11 15:02:24.721  INFO 16620 --- [main] j.LocalContainerEntityManagerFactoryBean : Initialized JPA EntityManagerFactory for persistence unit 'default'
2021-11-11 15:02:25.776  INFO 16620 --- [main] o.h.h.i.QueryTranslatorFactoryInitiator  : HHH000397: Using ASTQueryTranslatorFactory
2021-11-11 15:02:28.926  INFO 16620 --- [main] o.s.s.concurrent.ThreadPoolTaskExecutor  : Initializing ExecutorService 'applicationTaskExecutor'
2021-11-11 15:02:29.187  WARN 16620 --- [main] aWebConfiguration$JpaWebMvcConfiguration : spring.jpa.open-in-view is enabled by default. Therefore, database queries may be performed during view rendering. Explicitly configure spring.jpa.open-in-view to disable this warning
2021-11-11 15:02:30.809  INFO 16620 --- [main] tn.esprit.spring.EmployeControlTest      : Started EmployeControlTest in 20.01 seconds (JVM running for 23.573)
2021-11-11 15:02:32.201  INFO 16620 --- [main] tn.esprit.spring.TimeSheetTest           : Added successfully with
2021-11-11 15:02:32.248  INFO 16620 --- [main] t.e.s.services.TimesheetServiceImpl      : In valider Timesheet
2021-11-11 15:02:32.295  INFO 16620 --- [main] t.e.s.services.TimesheetServiceImpl      : l'employe doit etre chef de departement de la mission en question
2021-11-11 15:02:32.607  INFO 16620 --- [Thread-2] o.s.s.concurrent.ThreadPoolTaskExecutor  : Shutting down ExecutorService 'applicationTaskExecutor'
2021-11-11 15:02:32.623  INFO 16620 --- [Thread-2] j.LocalContainerEntityManagerFactoryBean : Closing JPA EntityManagerFactory for persistence unit 'default'
2021-11-11 15:02:32.639  INFO 16620 --- [Thread-2] com.zaxxer.hikari.HikariDataSource       : HikariPool-1 - Shutdown initiated...
2021-11-11 15:02:32.670  INFO 16620 --- [Thread-2] com.zaxxer.hikari.HikariDataSource       : HikariPool-1 - Shutdown completed.
2021-11-11 15:04:40.484  INFO 14632 --- [main] tn.esprit.spring.EmployeControlTest      : Starting EmployeControlTest on DESKTOP-RKADK75 with PID 14632 (started by 21658 in C:\Users\21658\Desktop\DLL\Devops-main)
2021-11-11 15:04:40.484  INFO 14632 --- [main] tn.esprit.spring.EmployeControlTest      : No active profile set, falling back to default profiles: default
2021-11-11 15:04:42.481  INFO 14632 --- [main] .s.d.r.c.RepositoryConfigurationDelegate : Bootstrapping Spring Data repositories in DEFAULT mode.
2021-11-11 15:04:42.751  INFO 14632 --- [main] .s.d.r.c.RepositoryConfigurationDelegate : Finished Spring Data repository scanning in 250ms. Found 6 repository interfaces.
2021-11-11 15:04:43.815  INFO 14632 --- [main] trationDelegate$BeanPostProcessorChecker : Bean 'org.springframework.transaction.annotation.ProxyTransactionManagementConfiguration' of type [org.springframework.transaction.annotation.ProxyTransactionManagementConfiguration$$EnhancerBySpringCGLIB$$3fc1c99c] is not eligible for getting processed by all BeanPostProcessors (for example: not eligible for auto-proxying)
2021-11-11 15:04:44.370  INFO 14632 --- [main] com.zaxxer.hikari.HikariDataSource       : HikariPool-1 - Starting...
2021-11-11 15:04:44.729  INFO 14632 --- [main] com.zaxxer.hikari.HikariDataSource       : HikariPool-1 - Start completed.
2021-11-11 15:04:45.104  INFO 14632 --- [main] o.hibernate.jpa.internal.util.LogHelper  : HHH000204: Processing PersistenceUnitInfo [
	name: default
	...]
2021-11-11 15:04:45.268  INFO 14632 --- [main] org.hibernate.Version                    : HHH000412: Hibernate Core {5.3.9.Final}
2021-11-11 15:04:45.268  INFO 14632 --- [main] org.hibernate.cfg.Environment            : HHH000206: hibernate.properties not found
2021-11-11 15:04:45.673  INFO 14632 --- [main] o.hibernate.annotations.common.Version   : HCANN000001: Hibernate Commons Annotations {5.0.4.Final}
2021-11-11 15:04:46.613  INFO 14632 --- [main] org.hibernate.dialect.Dialect            : HHH000400: Using dialect: org.hibernate.dialect.MySQL5Dialect
2021-11-11 15:04:47.240  WARN 14632 --- [main] org.hibernate.mapping.RootClass          : HHH000038: Composite-id class does not override equals(): tn.esprit.spring.entities.TimesheetPK
2021-11-11 15:04:47.240  WARN 14632 --- [main] org.hibernate.mapping.RootClass          : HHH000039: Composite-id class does not override hashCode(): tn.esprit.spring.entities.TimesheetPK
2021-11-11 15:04:49.418  INFO 14632 --- [main] j.LocalContainerEntityManagerFactoryBean : Initialized JPA EntityManagerFactory for persistence unit 'default'
2021-11-11 15:04:50.235  INFO 14632 --- [main] o.h.h.i.QueryTranslatorFactoryInitiator  : HHH000397: Using ASTQueryTranslatorFactory
2021-11-11 15:04:52.867  INFO 14632 --- [main] o.s.s.concurrent.ThreadPoolTaskExecutor  : Initializing ExecutorService 'applicationTaskExecutor'
2021-11-11 15:04:53.059  WARN 14632 --- [main] aWebConfiguration$JpaWebMvcConfiguration : spring.jpa.open-in-view is enabled by default. Therefore, database queries may be performed during view rendering. Explicitly configure spring.jpa.open-in-view to disable this warning
2021-11-11 15:04:54.485  INFO 14632 --- [main] tn.esprit.spring.EmployeControlTest      : Started EmployeControlTest in 14.755 seconds (JVM running for 16.735)
2021-11-11 15:04:55.599  INFO 14632 --- [main] tn.esprit.spring.TimeSheetTest           : Added successfully with
2021-11-11 15:04:55.646  INFO 14632 --- [main] t.e.s.services.TimesheetServiceImpl      : In valider Timesheet
2021-11-11 15:04:55.661  INFO 14632 --- [main] t.e.s.services.TimesheetServiceImpl      : l'employe doit etre chef de departement de la mission en question
2021-11-11 15:04:55.739  INFO 14632 --- [Thread-2] o.s.s.concurrent.ThreadPoolTaskExecutor  : Shutting down ExecutorService 'applicationTaskExecutor'
2021-11-11 15:04:55.739  INFO 14632 --- [Thread-2] j.LocalContainerEntityManagerFactoryBean : Closing JPA EntityManagerFactory for persistence unit 'default'
2021-11-11 15:04:55.755  INFO 14632 --- [Thread-2] com.zaxxer.hikari.HikariDataSource       : HikariPool-1 - Shutdown initiated...
2021-11-11 15:04:55.786  INFO 14632 --- [Thread-2] com.zaxxer.hikari.HikariDataSource       : HikariPool-1 - Shutdown completed.
2021-11-11 15:05:48.822  INFO 1232 --- [main] tn.esprit.spring.EmployeControlTest      : Starting EmployeControlTest on DESKTOP-RKADK75 with PID 1232 (started by 21658 in C:\Users\21658\Desktop\DLL\Devops-main)
2021-11-11 15:05:48.822  INFO 1232 --- [main] tn.esprit.spring.EmployeControlTest      : No active profile set, falling back to default profiles: default
2021-11-11 15:05:50.831  INFO 1232 --- [main] .s.d.r.c.RepositoryConfigurationDelegate : Bootstrapping Spring Data repositories in DEFAULT mode.
2021-11-11 15:05:51.083  INFO 1232 --- [main] .s.d.r.c.RepositoryConfigurationDelegate : Finished Spring Data repository scanning in 220ms. Found 6 repository interfaces.
2021-11-11 15:05:52.140  INFO 1232 --- [main] trationDelegate$BeanPostProcessorChecker : Bean 'org.springframework.transaction.annotation.ProxyTransactionManagementConfiguration' of type [org.springframework.transaction.annotation.ProxyTransactionManagementConfiguration$$EnhancerBySpringCGLIB$$15a91c97] is not eligible for getting processed by all BeanPostProcessors (for example: not eligible for auto-proxying)
2021-11-11 15:05:52.693  INFO 1232 --- [main] com.zaxxer.hikari.HikariDataSource       : HikariPool-1 - Starting...
2021-11-11 15:05:53.084  INFO 1232 --- [main] com.zaxxer.hikari.HikariDataSource       : HikariPool-1 - Start completed.
2021-11-11 15:05:53.475  INFO 1232 --- [main] o.hibernate.jpa.internal.util.LogHelper  : HHH000204: Processing PersistenceUnitInfo [
	name: default
	...]
2021-11-11 15:05:53.671  INFO 1232 --- [main] org.hibernate.Version                    : HHH000412: Hibernate Core {5.3.9.Final}
2021-11-11 15:05:53.671  INFO 1232 --- [main] org.hibernate.cfg.Environment            : HHH000206: hibernate.properties not found
2021-11-11 15:05:54.124  INFO 1232 --- [main] o.hibernate.annotations.common.Version   : HCANN000001: Hibernate Commons Annotations {5.0.4.Final}
2021-11-11 15:05:55.163  INFO 1232 --- [main] org.hibernate.dialect.Dialect            : HHH000400: Using dialect: org.hibernate.dialect.MySQL5Dialect
2021-11-11 15:05:55.841  WARN 1232 --- [main] org.hibernate.mapping.RootClass          : HHH000038: Composite-id class does not override equals(): tn.esprit.spring.entities.TimesheetPK
2021-11-11 15:05:55.841  WARN 1232 --- [main] org.hibernate.mapping.RootClass          : HHH000039: Composite-id class does not override hashCode(): tn.esprit.spring.entities.TimesheetPK
2021-11-11 15:05:58.159  INFO 1232 --- [main] j.LocalContainerEntityManagerFactoryBean : Initialized JPA EntityManagerFactory for persistence unit 'default'
2021-11-11 15:05:58.989  INFO 1232 --- [main] o.h.h.i.QueryTranslatorFactoryInitiator  : HHH000397: Using ASTQueryTranslatorFactory
2021-11-11 15:06:01.618  INFO 1232 --- [main] o.s.s.concurrent.ThreadPoolTaskExecutor  : Initializing ExecutorService 'applicationTaskExecutor'
2021-11-11 15:06:01.801  WARN 1232 --- [main] aWebConfiguration$JpaWebMvcConfiguration : spring.jpa.open-in-view is enabled by default. Therefore, database queries may be performed during view rendering. Explicitly configure spring.jpa.open-in-view to disable this warning
2021-11-11 15:06:03.247  INFO 1232 --- [main] tn.esprit.spring.EmployeControlTest      : Started EmployeControlTest in 15.189 seconds (JVM running for 17.114)
2021-11-11 15:06:04.196  INFO 1232 --- [Thread-2] o.s.s.concurrent.ThreadPoolTaskExecutor  : Shutting down ExecutorService 'applicationTaskExecutor'
2021-11-11 15:06:04.211  INFO 1232 --- [Thread-2] j.LocalContainerEntityManagerFactoryBean : Closing JPA EntityManagerFactory for persistence unit 'default'
2021-11-11 15:06:04.211  INFO 1232 --- [Thread-2] com.zaxxer.hikari.HikariDataSource       : HikariPool-1 - Shutdown initiated...
2021-11-11 15:06:04.243  INFO 1232 --- [Thread-2] com.zaxxer.hikari.HikariDataSource       : HikariPool-1 - Shutdown completed.
2021-11-11 17:11:10.530  INFO 7596 --- [main] tn.esprit.spring.EmployeControlTest      : Starting EmployeControlTest on DESKTOP-RKADK75 with PID 7596 (started by 21658 in C:\Users\21658\Desktop\DLL\Devops-main)
2021-11-11 17:11:10.533  INFO 7596 --- [main] tn.esprit.spring.EmployeControlTest      : No active profile set, falling back to default profiles: default
2021-11-11 17:11:12.920  INFO 7596 --- [main] .s.d.r.c.RepositoryConfigurationDelegate : Bootstrapping Spring Data repositories in DEFAULT mode.
2021-11-11 17:11:13.214  INFO 7596 --- [main] .s.d.r.c.RepositoryConfigurationDelegate : Finished Spring Data repository scanning in 270ms. Found 6 repository interfaces.
2021-11-11 17:11:14.501  INFO 7596 --- [main] trationDelegate$BeanPostProcessorChecker : Bean 'org.springframework.transaction.annotation.ProxyTransactionManagementConfiguration' of type [org.springframework.transaction.annotation.ProxyTransactionManagementConfiguration$$EnhancerBySpringCGLIB$$f6ccc0d9] is not eligible for getting processed by all BeanPostProcessors (for example: not eligible for auto-proxying)
2021-11-11 17:11:15.522  INFO 7596 --- [main] com.zaxxer.hikari.HikariDataSource       : HikariPool-1 - Starting...
2021-11-11 17:11:16.112  INFO 7596 --- [main] com.zaxxer.hikari.HikariDataSource       : HikariPool-1 - Start completed.
2021-11-11 17:11:16.805  INFO 7596 --- [main] o.hibernate.jpa.internal.util.LogHelper  : HHH000204: Processing PersistenceUnitInfo [
	name: default
	...]
2021-11-11 17:11:17.473  INFO 7596 --- [main] org.hibernate.Version                    : HHH000412: Hibernate Core {5.3.9.Final}
2021-11-11 17:11:17.489  INFO 7596 --- [main] org.hibernate.cfg.Environment            : HHH000206: hibernate.properties not found
2021-11-11 17:11:18.523  INFO 7596 --- [main] o.hibernate.annotations.common.Version   : HCANN000001: Hibernate Commons Annotations {5.0.4.Final}
2021-11-11 17:11:20.192  INFO 7596 --- [main] org.hibernate.dialect.Dialect            : HHH000400: Using dialect: org.hibernate.dialect.MySQL5Dialect
2021-11-11 17:11:21.350  WARN 7596 --- [main] org.hibernate.mapping.RootClass          : HHH000038: Composite-id class does not override equals(): tn.esprit.spring.entities.TimesheetPK
2021-11-11 17:11:21.351  WARN 7596 --- [main] org.hibernate.mapping.RootClass          : HHH000039: Composite-id class does not override hashCode(): tn.esprit.spring.entities.TimesheetPK
2021-11-11 17:11:26.321  INFO 7596 --- [main] j.LocalContainerEntityManagerFactoryBean : Initialized JPA EntityManagerFactory for persistence unit 'default'
2021-11-11 17:11:28.293  INFO 7596 --- [main] o.h.h.i.QueryTranslatorFactoryInitiator  : HHH000397: Using ASTQueryTranslatorFactory
2021-11-11 17:11:33.794  INFO 7596 --- [main] o.s.s.concurrent.ThreadPoolTaskExecutor  : Initializing ExecutorService 'applicationTaskExecutor'
2021-11-11 17:11:34.032  WARN 7596 --- [main] aWebConfiguration$JpaWebMvcConfiguration : spring.jpa.open-in-view is enabled by default. Therefore, database queries may be performed during view rendering. Explicitly configure spring.jpa.open-in-view to disable this warning
2021-11-11 17:11:36.468  INFO 7596 --- [main] tn.esprit.spring.EmployeControlTest      : Started EmployeControlTest in 27.1 seconds (JVM running for 31.382)
2021-11-11 17:11:38.548  INFO 7596 --- [main] tn.esprit.spring.TimeSheetTest           : Added successfully with
2021-11-11 17:11:38.579  INFO 7596 --- [main] t.e.s.services.TimesheetServiceImpl      : In valider Timesheet
2021-11-11 17:11:38.603  INFO 7596 --- [main] t.e.s.services.TimesheetServiceImpl      : l'employe doit etre chef de departement de la mission en question
2021-11-11 17:11:38.785  INFO 7596 --- [Thread-2] o.s.s.concurrent.ThreadPoolTaskExecutor  : Shutting down ExecutorService 'applicationTaskExecutor'
2021-11-11 17:11:38.794  INFO 7596 --- [Thread-2] j.LocalContainerEntityManagerFactoryBean : Closing JPA EntityManagerFactory for persistence unit 'default'
2021-11-11 17:11:38.806  INFO 7596 --- [Thread-2] com.zaxxer.hikari.HikariDataSource       : HikariPool-1 - Shutdown initiated...
2021-11-11 17:11:38.950  INFO 7596 --- [Thread-2] com.zaxxer.hikari.HikariDataSource       : HikariPool-1 - Shutdown completed.
2021-11-11 17:16:02.796  INFO 17156 --- [main] tn.esprit.spring.EmployeControlTest      : Starting EmployeControlTest on DESKTOP-RKADK75 with PID 17156 (started by 21658 in C:\Users\21658\Desktop\DLL\Devops-main)
2021-11-11 17:16:02.800  INFO 17156 --- [main] tn.esprit.spring.EmployeControlTest      : No active profile set, falling back to default profiles: default
2021-11-11 17:16:06.147  INFO 17156 --- [main] .s.d.r.c.RepositoryConfigurationDelegate : Bootstrapping Spring Data repositories in DEFAULT mode.
2021-11-11 17:16:06.531  INFO 17156 --- [main] .s.d.r.c.RepositoryConfigurationDelegate : Finished Spring Data repository scanning in 349ms. Found 6 repository interfaces.
2021-11-11 17:16:08.414  INFO 17156 --- [main] trationDelegate$BeanPostProcessorChecker : Bean 'org.springframework.transaction.annotation.ProxyTransactionManagementConfiguration' of type [org.springframework.transaction.annotation.ProxyTransactionManagementConfiguration$$EnhancerBySpringCGLIB$$5afff599] is not eligible for getting processed by all BeanPostProcessors (for example: not eligible for auto-proxying)
2021-11-11 17:16:09.330  INFO 17156 --- [main] com.zaxxer.hikari.HikariDataSource       : HikariPool-1 - Starting...
2021-11-11 17:16:10.188  INFO 17156 --- [main] com.zaxxer.hikari.HikariDataSource       : HikariPool-1 - Start completed.
2021-11-11 17:16:10.549  INFO 17156 --- [main] o.hibernate.jpa.internal.util.LogHelper  : HHH000204: Processing PersistenceUnitInfo [
	name: default
	...]
2021-11-11 17:16:10.908  INFO 17156 --- [main] org.hibernate.Version                    : HHH000412: Hibernate Core {5.3.9.Final}
2021-11-11 17:16:10.915  INFO 17156 --- [main] org.hibernate.cfg.Environment            : HHH000206: hibernate.properties not found
2021-11-11 17:16:11.639  INFO 17156 --- [main] o.hibernate.annotations.common.Version   : HCANN000001: Hibernate Commons Annotations {5.0.4.Final}
2021-11-11 17:16:13.102  INFO 17156 --- [main] org.hibernate.dialect.Dialect            : HHH000400: Using dialect: org.hibernate.dialect.MySQL5Dialect
2021-11-11 17:16:14.253  WARN 17156 --- [main] org.hibernate.mapping.RootClass          : HHH000038: Composite-id class does not override equals(): tn.esprit.spring.entities.TimesheetPK
2021-11-11 17:16:14.255  WARN 17156 --- [main] org.hibernate.mapping.RootClass          : HHH000039: Composite-id class does not override hashCode(): tn.esprit.spring.entities.TimesheetPK
2021-11-11 17:16:18.292  INFO 17156 --- [main] j.LocalContainerEntityManagerFactoryBean : Initialized JPA EntityManagerFactory for persistence unit 'default'
2021-11-11 17:16:19.758  INFO 17156 --- [main] o.h.h.i.QueryTranslatorFactoryInitiator  : HHH000397: Using ASTQueryTranslatorFactory
2021-11-11 17:16:23.127  INFO 17156 --- [main] o.s.s.concurrent.ThreadPoolTaskExecutor  : Initializing ExecutorService 'applicationTaskExecutor'
2021-11-11 17:16:23.432  WARN 17156 --- [main] aWebConfiguration$JpaWebMvcConfiguration : spring.jpa.open-in-view is enabled by default. Therefore, database queries may be performed during view rendering. Explicitly configure spring.jpa.open-in-view to disable this warning
2021-11-11 17:16:24.721  INFO 17156 --- [main] tn.esprit.spring.EmployeControlTest      : Started EmployeControlTest in 23.433 seconds (JVM running for 28.007)
2021-11-11 17:16:26.223  INFO 17156 --- [main] .b.t.c.SpringBootTestContextBootstrapper : Neither @ContextConfiguration nor @ContextHierarchy found for test class [tn.esprit.spring.EntrepriseTest], using SpringBootContextLoader
2021-11-11 17:16:26.225  INFO 17156 --- [main] o.s.t.c.support.AbstractContextLoader    : Could not detect default resource locations for test class [tn.esprit.spring.EntrepriseTest]: no resource found for suffixes {-context.xml, Context.groovy}.
2021-11-11 17:16:26.226  INFO 17156 --- [main] t.c.s.AnnotationConfigContextLoaderUtils : Could not detect default configuration classes for test class [tn.esprit.spring.EntrepriseTest]: EntrepriseTest does not declare any static, non-private, non-final, nested classes annotated with @Configuration.
2021-11-11 17:16:26.232  INFO 17156 --- [main] .b.t.c.SpringBootTestContextBootstrapper : Found @SpringBootConfiguration tn.esprit.spring.TimesheetSpringBootCoreDataJpaMvcRest1Application for test class tn.esprit.spring.EntrepriseTest
2021-11-11 17:16:26.239  INFO 17156 --- [main] .b.t.c.SpringBootTestContextBootstrapper : Loaded default TestExecutionListener class names from location [META-INF/spring.factories]: [org.springframework.boot.test.mock.mockito.MockitoTestExecutionListener, org.springframework.boot.test.mock.mockito.ResetMocksTestExecutionListener, org.springframework.boot.test.autoconfigure.restdocs.RestDocsTestExecutionListener, org.springframework.boot.test.autoconfigure.web.client.MockRestServiceServerResetTestExecutionListener, org.springframework.boot.test.autoconfigure.web.servlet.MockMvcPrintOnlyOnFailureTestExecutionListener, org.springframework.boot.test.autoconfigure.web.servlet.WebDriverTestExecutionListener, org.springframework.test.context.web.ServletTestExecutionListener, org.springframework.test.context.support.DirtiesContextBeforeModesTestExecutionListener, org.springframework.test.context.support.DependencyInjectionTestExecutionListener, org.springframework.test.context.support.DirtiesContextTestExecutionListener, org.springframework.test.context.transaction.TransactionalTestExecutionListener, org.springframework.test.context.jdbc.SqlScriptsTestExecutionListener]
2021-11-11 17:16:26.318  INFO 17156 --- [main] .b.t.c.SpringBootTestContextBootstrapper : Using TestExecutionListeners: [org.springframework.test.context.web.ServletTestExecutionListener@fc061ef, org.springframework.test.context.support.DirtiesContextBeforeModesTestExecutionListener@1eab5ae5, org.springframework.boot.test.mock.mockito.MockitoTestExecutionListener@4d5c44c9, org.springframework.boot.test.autoconfigure.SpringBootDependencyInjectionTestExecutionListener@b8543b9, org.springframework.test.context.support.DirtiesContextTestExecutionListener@7c6843f, org.springframework.test.context.transaction.TransactionalTestExecutionListener@43fe8a50, org.springframework.test.context.jdbc.SqlScriptsTestExecutionListener@6cabf4ea, org.springframework.boot.test.mock.mockito.ResetMocksTestExecutionListener@4d92ea4d, org.springframework.boot.test.autoconfigure.restdocs.RestDocsTestExecutionListener@7e4668bc, org.springframework.boot.test.autoconfigure.web.client.MockRestServiceServerResetTestExecutionListener@495dd12e, org.springframework.boot.test.autoconfigure.web.servlet.MockMvcPrintOnlyOnFailureTestExecutionListener@7a62704b, org.springframework.boot.test.autoconfigure.web.servlet.WebDriverTestExecutionListener@20f83dc8]
2021-11-11 17:16:26.479  INFO 17156 --- [main] .b.t.c.SpringBootTestContextBootstrapper : Neither @ContextConfiguration nor @ContextHierarchy found for test class [tn.esprit.spring.TimeSheetTest], using SpringBootContextLoader
2021-11-11 17:16:26.480  INFO 17156 --- [main] o.s.t.c.support.AbstractContextLoader    : Could not detect default resource locations for test class [tn.esprit.spring.TimeSheetTest]: no resource found for suffixes {-context.xml, Context.groovy}.
2021-11-11 17:16:26.481  INFO 17156 --- [main] t.c.s.AnnotationConfigContextLoaderUtils : Could not detect default configuration classes for test class [tn.esprit.spring.TimeSheetTest]: TimeSheetTest does not declare any static, non-private, non-final, nested classes annotated with @Configuration.
2021-11-11 17:16:26.485  INFO 17156 --- [main] .b.t.c.SpringBootTestContextBootstrapper : Found @SpringBootConfiguration tn.esprit.spring.TimesheetSpringBootCoreDataJpaMvcRest1Application for test class tn.esprit.spring.TimeSheetTest
2021-11-11 17:16:26.490  INFO 17156 --- [main] .b.t.c.SpringBootTestContextBootstrapper : Loaded default TestExecutionListener class names from location [META-INF/spring.factories]: [org.springframework.boot.test.mock.mockito.MockitoTestExecutionListener, org.springframework.boot.test.mock.mockito.ResetMocksTestExecutionListener, org.springframework.boot.test.autoconfigure.restdocs.RestDocsTestExecutionListener, org.springframework.boot.test.autoconfigure.web.client.MockRestServiceServerResetTestExecutionListener, org.springframework.boot.test.autoconfigure.web.servlet.MockMvcPrintOnlyOnFailureTestExecutionListener, org.springframework.boot.test.autoconfigure.web.servlet.WebDriverTestExecutionListener, org.springframework.test.context.web.ServletTestExecutionListener, org.springframework.test.context.support.DirtiesContextBeforeModesTestExecutionListener, org.springframework.test.context.support.DependencyInjectionTestExecutionListener, org.springframework.test.context.support.DirtiesContextTestExecutionListener, org.springframework.test.context.transaction.TransactionalTestExecutionListener, org.springframework.test.context.jdbc.SqlScriptsTestExecutionListener]
2021-11-11 17:16:26.491  INFO 17156 --- [main] .b.t.c.SpringBootTestContextBootstrapper : Using TestExecutionListeners: [org.springframework.test.context.web.ServletTestExecutionListener@4e0cc165, org.springframework.test.context.support.DirtiesContextBeforeModesTestExecutionListener@479c765d, org.springframework.boot.test.mock.mockito.MockitoTestExecutionListener@2a28d858, org.springframework.boot.test.autoconfigure.SpringBootDependencyInjectionTestExecutionListener@21c03399, org.springframework.test.context.support.DirtiesContextTestExecutionListener@96fc92d, org.springframework.test.context.transaction.TransactionalTestExecutionListener@2de578c3, org.springframework.test.context.jdbc.SqlScriptsTestExecutionListener@41639f3f, org.springframework.boot.test.mock.mockito.ResetMocksTestExecutionListener@619f2071, org.springframework.boot.test.autoconfigure.restdocs.RestDocsTestExecutionListener@16ceabce, org.springframework.boot.test.autoconfigure.web.client.MockRestServiceServerResetTestExecutionListener@106beab4, org.springframework.boot.test.autoconfigure.web.servlet.MockMvcPrintOnlyOnFailureTestExecutionListener@4d2c05e1, org.springframework.boot.test.autoconfigure.web.servlet.WebDriverTestExecutionListener@5528389d]
2021-11-11 17:16:26.569  INFO 17156 --- [main] tn.esprit.spring.TimeSheetTest           : Added successfully with
2021-11-11 17:16:26.602  INFO 17156 --- [main] t.e.s.services.TimesheetServiceImpl      : In valider Timesheet
2021-11-11 17:16:26.625  INFO 17156 --- [main] t.e.s.services.TimesheetServiceImpl      : l'employe doit etre chef de departement de la mission en question
2021-11-11 17:16:26.754  INFO 17156 --- [Thread-3] o.s.s.concurrent.ThreadPoolTaskExecutor  : Shutting down ExecutorService 'applicationTaskExecutor'
2021-11-11 17:16:26.761  INFO 17156 --- [Thread-3] j.LocalContainerEntityManagerFactoryBean : Closing JPA EntityManagerFactory for persistence unit 'default'
2021-11-11 17:16:26.769  INFO 17156 --- [Thread-3] com.zaxxer.hikari.HikariDataSource       : HikariPool-1 - Shutdown initiated...
2021-11-11 17:16:27.678  INFO 17156 --- [Thread-3] com.zaxxer.hikari.HikariDataSource       : HikariPool-1 - Shutdown completed.
2021-11-11 17:30:48.094  INFO 9580 --- [main] tn.esprit.spring.EmployeControlTest      : Starting EmployeControlTest on DESKTOP-RKADK75 with PID 9580 (started by 21658 in C:\Users\21658\Desktop\DLL\Devops-main)
2021-11-11 17:30:48.099  INFO 9580 --- [main] tn.esprit.spring.EmployeControlTest      : No active profile set, falling back to default profiles: default
2021-11-11 17:30:51.642  INFO 9580 --- [main] .s.d.r.c.RepositoryConfigurationDelegate : Bootstrapping Spring Data repositories in DEFAULT mode.
2021-11-11 17:30:52.003  INFO 9580 --- [main] .s.d.r.c.RepositoryConfigurationDelegate : Finished Spring Data repository scanning in 322ms. Found 6 repository interfaces.
2021-11-11 17:30:54.212  INFO 9580 --- [main] trationDelegate$BeanPostProcessorChecker : Bean 'org.springframework.transaction.annotation.ProxyTransactionManagementConfiguration' of type [org.springframework.transaction.annotation.ProxyTransactionManagementConfiguration$$EnhancerBySpringCGLIB$$8dbb85a1] is not eligible for getting processed by all BeanPostProcessors (for example: not eligible for auto-proxying)
2021-11-11 17:30:55.140  INFO 9580 --- [main] com.zaxxer.hikari.HikariDataSource       : HikariPool-1 - Starting...
2021-11-11 17:30:56.167  INFO 9580 --- [main] com.zaxxer.hikari.HikariDataSource       : HikariPool-1 - Start completed.
2021-11-11 17:30:56.507  INFO 9580 --- [main] o.hibernate.jpa.internal.util.LogHelper  : HHH000204: Processing PersistenceUnitInfo [
	name: default
	...]
2021-11-11 17:30:56.858  INFO 9580 --- [main] org.hibernate.Version                    : HHH000412: Hibernate Core {5.3.9.Final}
2021-11-11 17:30:56.865  INFO 9580 --- [main] org.hibernate.cfg.Environment            : HHH000206: hibernate.properties not found
2021-11-11 17:30:57.622  INFO 9580 --- [main] o.hibernate.annotations.common.Version   : HCANN000001: Hibernate Commons Annotations {5.0.4.Final}
2021-11-11 17:30:59.100  INFO 9580 --- [main] org.hibernate.dialect.Dialect            : HHH000400: Using dialect: org.hibernate.dialect.MySQL5Dialect
2021-11-11 17:31:00.311  WARN 9580 --- [main] org.hibernate.mapping.RootClass          : HHH000038: Composite-id class does not override equals(): tn.esprit.spring.entities.TimesheetPK
2021-11-11 17:31:00.313  WARN 9580 --- [main] org.hibernate.mapping.RootClass          : HHH000039: Composite-id class does not override hashCode(): tn.esprit.spring.entities.TimesheetPK
2021-11-11 17:31:03.799  INFO 9580 --- [main] j.LocalContainerEntityManagerFactoryBean : Initialized JPA EntityManagerFactory for persistence unit 'default'
2021-11-11 17:31:05.553  INFO 9580 --- [main] o.h.h.i.QueryTranslatorFactoryInitiator  : HHH000397: Using ASTQueryTranslatorFactory
2021-11-11 17:31:09.901  INFO 9580 --- [main] o.s.s.concurrent.ThreadPoolTaskExecutor  : Initializing ExecutorService 'applicationTaskExecutor'
2021-11-11 17:31:10.306  WARN 9580 --- [main] aWebConfiguration$JpaWebMvcConfiguration : spring.jpa.open-in-view is enabled by default. Therefore, database queries may be performed during view rendering. Explicitly configure spring.jpa.open-in-view to disable this warning
2021-11-11 17:31:12.148  INFO 9580 --- [main] tn.esprit.spring.EmployeControlTest      : Started EmployeControlTest in 25.755 seconds (JVM running for 30.811)
2021-11-11 17:31:14.066  INFO 9580 --- [main] .b.t.c.SpringBootTestContextBootstrapper : Neither @ContextConfiguration nor @ContextHierarchy found for test class [tn.esprit.spring.EntrepriseTest], using SpringBootContextLoader
2021-11-11 17:31:14.068  INFO 9580 --- [main] o.s.t.c.support.AbstractContextLoader    : Could not detect default resource locations for test class [tn.esprit.spring.EntrepriseTest]: no resource found for suffixes {-context.xml, Context.groovy}.
2021-11-11 17:31:14.072  INFO 9580 --- [main] t.c.s.AnnotationConfigContextLoaderUtils : Could not detect default configuration classes for test class [tn.esprit.spring.EntrepriseTest]: EntrepriseTest does not declare any static, non-private, non-final, nested classes annotated with @Configuration.
2021-11-11 17:31:14.080  INFO 9580 --- [main] .b.t.c.SpringBootTestContextBootstrapper : Found @SpringBootConfiguration tn.esprit.spring.TimesheetSpringBootCoreDataJpaMvcRest1Application for test class tn.esprit.spring.EntrepriseTest
2021-11-11 17:31:14.084  INFO 9580 --- [main] .b.t.c.SpringBootTestContextBootstrapper : Loaded default TestExecutionListener class names from location [META-INF/spring.factories]: [org.springframework.boot.test.mock.mockito.MockitoTestExecutionListener, org.springframework.boot.test.mock.mockito.ResetMocksTestExecutionListener, org.springframework.boot.test.autoconfigure.restdocs.RestDocsTestExecutionListener, org.springframework.boot.test.autoconfigure.web.client.MockRestServiceServerResetTestExecutionListener, org.springframework.boot.test.autoconfigure.web.servlet.MockMvcPrintOnlyOnFailureTestExecutionListener, org.springframework.boot.test.autoconfigure.web.servlet.WebDriverTestExecutionListener, org.springframework.test.context.web.ServletTestExecutionListener, org.springframework.test.context.support.DirtiesContextBeforeModesTestExecutionListener, org.springframework.test.context.support.DependencyInjectionTestExecutionListener, org.springframework.test.context.support.DirtiesContextTestExecutionListener, org.springframework.test.context.transaction.TransactionalTestExecutionListener, org.springframework.test.context.jdbc.SqlScriptsTestExecutionListener]
2021-11-11 17:31:14.086  INFO 9580 --- [main] .b.t.c.SpringBootTestContextBootstrapper : Using TestExecutionListeners: [org.springframework.test.context.web.ServletTestExecutionListener@43edc9e1, org.springframework.test.context.support.DirtiesContextBeforeModesTestExecutionListener@502a0d94, org.springframework.boot.test.mock.mockito.MockitoTestExecutionListener@f787f71, org.springframework.boot.test.autoconfigure.SpringBootDependencyInjectionTestExecutionListener@146a592e, org.springframework.test.context.support.DirtiesContextTestExecutionListener@39e53883, org.springframework.test.context.transaction.TransactionalTestExecutionListener@3923d486, org.springframework.test.context.jdbc.SqlScriptsTestExecutionListener@756cb724, org.springframework.boot.test.mock.mockito.ResetMocksTestExecutionListener@3389338e, org.springframework.boot.test.autoconfigure.restdocs.RestDocsTestExecutionListener@23b8345c, org.springframework.boot.test.autoconfigure.web.client.MockRestServiceServerResetTestExecutionListener@4985349, org.springframework.boot.test.autoconfigure.web.servlet.MockMvcPrintOnlyOnFailureTestExecutionListener@145d0169, org.springframework.boot.test.autoconfigure.web.servlet.WebDriverTestExecutionListener@6e32452f]
2021-11-11 17:31:14.278  INFO 9580 --- [main] .b.t.c.SpringBootTestContextBootstrapper : Neither @ContextConfiguration nor @ContextHierarchy found for test class [tn.esprit.spring.TimeSheetTest], using SpringBootContextLoader
2021-11-11 17:31:14.281  INFO 9580 --- [main] o.s.t.c.support.AbstractContextLoader    : Could not detect default resource locations for test class [tn.esprit.spring.TimeSheetTest]: no resource found for suffixes {-context.xml, Context.groovy}.
2021-11-11 17:31:14.282  INFO 9580 --- [main] t.c.s.AnnotationConfigContextLoaderUtils : Could not detect default configuration classes for test class [tn.esprit.spring.TimeSheetTest]: TimeSheetTest does not declare any static, non-private, non-final, nested classes annotated with @Configuration.
2021-11-11 17:31:14.287  INFO 9580 --- [main] .b.t.c.SpringBootTestContextBootstrapper : Found @SpringBootConfiguration tn.esprit.spring.TimesheetSpringBootCoreDataJpaMvcRest1Application for test class tn.esprit.spring.TimeSheetTest
2021-11-11 17:31:14.293  INFO 9580 --- [main] .b.t.c.SpringBootTestContextBootstrapper : Loaded default TestExecutionListener class names from location [META-INF/spring.factories]: [org.springframework.boot.test.mock.mockito.MockitoTestExecutionListener, org.springframework.boot.test.mock.mockito.ResetMocksTestExecutionListener, org.springframework.boot.test.autoconfigure.restdocs.RestDocsTestExecutionListener, org.springframework.boot.test.autoconfigure.web.client.MockRestServiceServerResetTestExecutionListener, org.springframework.boot.test.autoconfigure.web.servlet.MockMvcPrintOnlyOnFailureTestExecutionListener, org.springframework.boot.test.autoconfigure.web.servlet.WebDriverTestExecutionListener, org.springframework.test.context.web.ServletTestExecutionListener, org.springframework.test.context.support.DirtiesContextBeforeModesTestExecutionListener, org.springframework.test.context.support.DependencyInjectionTestExecutionListener, org.springframework.test.context.support.DirtiesContextTestExecutionListener, org.springframework.test.context.transaction.TransactionalTestExecutionListener, org.springframework.test.context.jdbc.SqlScriptsTestExecutionListener]
2021-11-11 17:31:14.347  INFO 9580 --- [main] .b.t.c.SpringBootTestContextBootstrapper : Using TestExecutionListeners: [org.springframework.test.context.web.ServletTestExecutionListener@2d4bfbad, org.springframework.test.context.support.DirtiesContextBeforeModesTestExecutionListener@7566bf1e, org.springframework.boot.test.mock.mockito.MockitoTestExecutionListener@415f7591, org.springframework.boot.test.autoconfigure.SpringBootDependencyInjectionTestExecutionListener@4f622d2b, org.springframework.test.context.support.DirtiesContextTestExecutionListener@3d8621f9, org.springframework.test.context.transaction.TransactionalTestExecutionListener@7dd8f718, org.springframework.test.context.jdbc.SqlScriptsTestExecutionListener@4791e6cf, org.springframework.boot.test.mock.mockito.ResetMocksTestExecutionListener@19c49063, org.springframework.boot.test.autoconfigure.restdocs.RestDocsTestExecutionListener@1541f34b, org.springframework.boot.test.autoconfigure.web.client.MockRestServiceServerResetTestExecutionListener@2f1ba6cc, org.springframework.boot.test.autoconfigure.web.servlet.MockMvcPrintOnlyOnFailureTestExecutionListener@67749a7e, org.springframework.boot.test.autoconfigure.web.servlet.WebDriverTestExecutionListener@5a0e497b]
2021-11-11 17:31:14.448  INFO 9580 --- [main] tn.esprit.spring.TimeSheetTest           : Added successfully with
2021-11-11 17:31:14.554  INFO 9580 --- [main] t.e.s.services.TimesheetServiceImpl      : In valider Timesheet
2021-11-11 17:31:14.594  INFO 9580 --- [main] t.e.s.services.TimesheetServiceImpl      : l'employe doit etre chef de departement de la mission en question
2021-11-11 17:31:15.559  INFO 9580 --- [Thread-3] o.s.s.concurrent.ThreadPoolTaskExecutor  : Shutting down ExecutorService 'applicationTaskExecutor'
2021-11-11 17:31:15.568  INFO 9580 --- [Thread-3] j.LocalContainerEntityManagerFactoryBean : Closing JPA EntityManagerFactory for persistence unit 'default'
2021-11-11 17:31:15.579  INFO 9580 --- [Thread-3] com.zaxxer.hikari.HikariDataSource       : HikariPool-1 - Shutdown initiated...
2021-11-11 17:31:15.619  INFO 9580 --- [Thread-3] com.zaxxer.hikari.HikariDataSource       : HikariPool-1 - Shutdown completed.
2021-11-11 17:34:30.462  INFO 9844 --- [main] tn.esprit.spring.EmployeControlTest      : Starting EmployeControlTest on DESKTOP-RKADK75 with PID 9844 (started by 21658 in C:\Users\21658\Desktop\DLL\Devops-main)
2021-11-11 17:34:30.467  INFO 9844 --- [main] tn.esprit.spring.EmployeControlTest      : No active profile set, falling back to default profiles: default
2021-11-11 17:34:33.871  INFO 9844 --- [main] .s.d.r.c.RepositoryConfigurationDelegate : Bootstrapping Spring Data repositories in DEFAULT mode.
2021-11-11 17:34:34.242  INFO 9844 --- [main] .s.d.r.c.RepositoryConfigurationDelegate : Finished Spring Data repository scanning in 336ms. Found 6 repository interfaces.
2021-11-11 17:34:36.272  INFO 9844 --- [main] trationDelegate$BeanPostProcessorChecker : Bean 'org.springframework.transaction.annotation.ProxyTransactionManagementConfiguration' of type [org.springframework.transaction.annotation.ProxyTransactionManagementConfiguration$$EnhancerBySpringCGLIB$$17005bdb] is not eligible for getting processed by all BeanPostProcessors (for example: not eligible for auto-proxying)
2021-11-11 17:34:37.183  INFO 9844 --- [main] com.zaxxer.hikari.HikariDataSource       : HikariPool-1 - Starting...
2021-11-11 17:34:38.049  INFO 9844 --- [main] com.zaxxer.hikari.HikariDataSource       : HikariPool-1 - Start completed.
2021-11-11 17:34:38.380  INFO 9844 --- [main] o.hibernate.jpa.internal.util.LogHelper  : HHH000204: Processing PersistenceUnitInfo [
	name: default
	...]
2021-11-11 17:34:38.755  INFO 9844 --- [main] org.hibernate.Version                    : HHH000412: Hibernate Core {5.3.9.Final}
2021-11-11 17:34:38.762  INFO 9844 --- [main] org.hibernate.cfg.Environment            : HHH000206: hibernate.properties not found
2021-11-11 17:34:39.467  INFO 9844 --- [main] o.hibernate.annotations.common.Version   : HCANN000001: Hibernate Commons Annotations {5.0.4.Final}
2021-11-11 17:34:40.831  INFO 9844 --- [main] org.hibernate.dialect.Dialect            : HHH000400: Using dialect: org.hibernate.dialect.MySQL5Dialect
2021-11-11 17:34:41.916  WARN 9844 --- [main] org.hibernate.mapping.RootClass          : HHH000038: Composite-id class does not override equals(): tn.esprit.spring.entities.TimesheetPK
2021-11-11 17:34:41.918  WARN 9844 --- [main] org.hibernate.mapping.RootClass          : HHH000039: Composite-id class does not override hashCode(): tn.esprit.spring.entities.TimesheetPK
2021-11-11 17:34:45.108  INFO 9844 --- [main] j.LocalContainerEntityManagerFactoryBean : Initialized JPA EntityManagerFactory for persistence unit 'default'
2021-11-11 17:34:46.848  INFO 9844 --- [main] o.h.h.i.QueryTranslatorFactoryInitiator  : HHH000397: Using ASTQueryTranslatorFactory
2021-11-11 17:34:50.867  INFO 9844 --- [main] o.s.s.concurrent.ThreadPoolTaskExecutor  : Initializing ExecutorService 'applicationTaskExecutor'
2021-11-11 17:34:51.204  WARN 9844 --- [main] aWebConfiguration$JpaWebMvcConfiguration : spring.jpa.open-in-view is enabled by default. Therefore, database queries may be performed during view rendering. Explicitly configure spring.jpa.open-in-view to disable this warning
2021-11-11 17:34:52.756  INFO 9844 --- [main] tn.esprit.spring.EmployeControlTest      : Started EmployeControlTest in 24.143 seconds (JVM running for 28.843)
2021-11-11 17:34:54.441  INFO 9844 --- [main] .b.t.c.SpringBootTestContextBootstrapper : Neither @ContextConfiguration nor @ContextHierarchy found for test class [tn.esprit.spring.EntrepriseTest], using SpringBootContextLoader
2021-11-11 17:34:54.452  INFO 9844 --- [main] o.s.t.c.support.AbstractContextLoader    : Could not detect default resource locations for test class [tn.esprit.spring.EntrepriseTest]: no resource found for suffixes {-context.xml, Context.groovy}.
2021-11-11 17:34:54.453  INFO 9844 --- [main] t.c.s.AnnotationConfigContextLoaderUtils : Could not detect default configuration classes for test class [tn.esprit.spring.EntrepriseTest]: EntrepriseTest does not declare any static, non-private, non-final, nested classes annotated with @Configuration.
2021-11-11 17:34:54.576  INFO 9844 --- [main] .b.t.c.SpringBootTestContextBootstrapper : Found @SpringBootConfiguration tn.esprit.spring.TimesheetSpringBootCoreDataJpaMvcRest1Application for test class tn.esprit.spring.EntrepriseTest
2021-11-11 17:34:54.579  INFO 9844 --- [main] .b.t.c.SpringBootTestContextBootstrapper : Loaded default TestExecutionListener class names from location [META-INF/spring.factories]: [org.springframework.boot.test.mock.mockito.MockitoTestExecutionListener, org.springframework.boot.test.mock.mockito.ResetMocksTestExecutionListener, org.springframework.boot.test.autoconfigure.restdocs.RestDocsTestExecutionListener, org.springframework.boot.test.autoconfigure.web.client.MockRestServiceServerResetTestExecutionListener, org.springframework.boot.test.autoconfigure.web.servlet.MockMvcPrintOnlyOnFailureTestExecutionListener, org.springframework.boot.test.autoconfigure.web.servlet.WebDriverTestExecutionListener, org.springframework.test.context.web.ServletTestExecutionListener, org.springframework.test.context.support.DirtiesContextBeforeModesTestExecutionListener, org.springframework.test.context.support.DependencyInjectionTestExecutionListener, org.springframework.test.context.support.DirtiesContextTestExecutionListener, org.springframework.test.context.transaction.TransactionalTestExecutionListener, org.springframework.test.context.jdbc.SqlScriptsTestExecutionListener]
2021-11-11 17:34:54.583  INFO 9844 --- [main] .b.t.c.SpringBootTestContextBootstrapper : Using TestExecutionListeners: [org.springframework.test.context.web.ServletTestExecutionListener@4f9abc14, org.springframework.test.context.support.DirtiesContextBeforeModesTestExecutionListener@6d9d0001, org.springframework.boot.test.mock.mockito.MockitoTestExecutionListener@3ae7b83b, org.springframework.boot.test.autoconfigure.SpringBootDependencyInjectionTestExecutionListener@3c0faa14, org.springframework.test.context.support.DirtiesContextTestExecutionListener@26efdb9d, org.springframework.test.context.transaction.TransactionalTestExecutionListener@23f74a49, org.springframework.test.context.jdbc.SqlScriptsTestExecutionListener@24d6186c, org.springframework.boot.test.mock.mockito.ResetMocksTestExecutionListener@654859e8, org.springframework.boot.test.autoconfigure.restdocs.RestDocsTestExecutionListener@3d2355ef, org.springframework.boot.test.autoconfigure.web.client.MockRestServiceServerResetTestExecutionListener@249ff500, org.springframework.boot.test.autoconfigure.web.servlet.MockMvcPrintOnlyOnFailureTestExecutionListener@309e9c87, org.springframework.boot.test.autoconfigure.web.servlet.WebDriverTestExecutionListener@173e0465]
2021-11-11 17:34:54.730  INFO 9844 --- [main] .b.t.c.SpringBootTestContextBootstrapper : Neither @ContextConfiguration nor @ContextHierarchy found for test class [tn.esprit.spring.TimeSheetTest], using SpringBootContextLoader
2021-11-11 17:34:54.733  INFO 9844 --- [main] o.s.t.c.support.AbstractContextLoader    : Could not detect default resource locations for test class [tn.esprit.spring.TimeSheetTest]: no resource found for suffixes {-context.xml, Context.groovy}.
2021-11-11 17:34:54.734  INFO 9844 --- [main] t.c.s.AnnotationConfigContextLoaderUtils : Could not detect default configuration classes for test class [tn.esprit.spring.TimeSheetTest]: TimeSheetTest does not declare any static, non-private, non-final, nested classes annotated with @Configuration.
2021-11-11 17:34:54.807  INFO 9844 --- [main] .b.t.c.SpringBootTestContextBootstrapper : Found @SpringBootConfiguration tn.esprit.spring.TimesheetSpringBootCoreDataJpaMvcRest1Application for test class tn.esprit.spring.TimeSheetTest
2021-11-11 17:34:54.816  INFO 9844 --- [main] .b.t.c.SpringBootTestContextBootstrapper : Loaded default TestExecutionListener class names from location [META-INF/spring.factories]: [org.springframework.boot.test.mock.mockito.MockitoTestExecutionListener, org.springframework.boot.test.mock.mockito.ResetMocksTestExecutionListener, org.springframework.boot.test.autoconfigure.restdocs.RestDocsTestExecutionListener, org.springframework.boot.test.autoconfigure.web.client.MockRestServiceServerResetTestExecutionListener, org.springframework.boot.test.autoconfigure.web.servlet.MockMvcPrintOnlyOnFailureTestExecutionListener, org.springframework.boot.test.autoconfigure.web.servlet.WebDriverTestExecutionListener, org.springframework.test.context.web.ServletTestExecutionListener, org.springframework.test.context.support.DirtiesContextBeforeModesTestExecutionListener, org.springframework.test.context.support.DependencyInjectionTestExecutionListener, org.springframework.test.context.support.DirtiesContextTestExecutionListener, org.springframework.test.context.transaction.TransactionalTestExecutionListener, org.springframework.test.context.jdbc.SqlScriptsTestExecutionListener]
2021-11-11 17:34:54.818  INFO 9844 --- [main] .b.t.c.SpringBootTestContextBootstrapper : Using TestExecutionListeners: [org.springframework.test.context.web.ServletTestExecutionListener@1bf8d3c2, org.springframework.test.context.support.DirtiesContextBeforeModesTestExecutionListener@29384b03, org.springframework.boot.test.mock.mockito.MockitoTestExecutionListener@d428947, org.springframework.boot.test.autoconfigure.SpringBootDependencyInjectionTestExecutionListener@2d9ddfb6, org.springframework.test.context.support.DirtiesContextTestExecutionListener@70266f04, org.springframework.test.context.transaction.TransactionalTestExecutionListener@1bad5250, org.springframework.test.context.jdbc.SqlScriptsTestExecutionListener@2bcf8d3, org.springframework.boot.test.mock.mockito.ResetMocksTestExecutionListener@419fe75d, org.springframework.boot.test.autoconfigure.restdocs.RestDocsTestExecutionListener@282ee25, org.springframework.boot.test.autoconfigure.web.client.MockRestServiceServerResetTestExecutionListener@734c13f7, org.springframework.boot.test.autoconfigure.web.servlet.MockMvcPrintOnlyOnFailureTestExecutionListener@1653072d, org.springframework.boot.test.autoconfigure.web.servlet.WebDriverTestExecutionListener@28c8afb5]
2021-11-11 17:34:54.943  INFO 9844 --- [main] tn.esprit.spring.TimeSheetTest           : Added successfully with
2021-11-11 17:34:55.018  INFO 9844 --- [main] t.e.s.services.TimesheetServiceImpl      : In valider Timesheet
2021-11-11 17:34:55.055  INFO 9844 --- [main] t.e.s.services.TimesheetServiceImpl      : l'employe doit etre chef de departement de la mission en question
2021-11-11 17:34:55.147  INFO 9844 --- [Thread-3] o.s.s.concurrent.ThreadPoolTaskExecutor  : Shutting down ExecutorService 'applicationTaskExecutor'
2021-11-11 17:34:55.161  INFO 9844 --- [Thread-3] j.LocalContainerEntityManagerFactoryBean : Closing JPA EntityManagerFactory for persistence unit 'default'
2021-11-11 17:34:55.188  INFO 9844 --- [Thread-3] com.zaxxer.hikari.HikariDataSource       : HikariPool-1 - Shutdown initiated...
2021-11-11 17:34:55.972  INFO 9844 --- [Thread-3] com.zaxxer.hikari.HikariDataSource       : HikariPool-1 - Shutdown completed.
2021-11-11 18:22:06.996  INFO 15248 --- [main] tn.esprit.spring.EntrepriseTest          : Starting EntrepriseTest on DESKTOP-RKADK75 with PID 15248 (started by 21658 in C:\Users\21658\Desktop\DLL\Devops-main)
2021-11-11 18:22:07.054  INFO 15248 --- [main] tn.esprit.spring.EntrepriseTest          : No active profile set, falling back to default profiles: default
2021-11-11 18:22:09.179  INFO 15248 --- [main] .s.d.r.c.RepositoryConfigurationDelegate : Bootstrapping Spring Data repositories in DEFAULT mode.
2021-11-11 18:22:09.471  INFO 15248 --- [main] .s.d.r.c.RepositoryConfigurationDelegate : Finished Spring Data repository scanning in 281ms. Found 6 repository interfaces.
2021-11-11 18:22:10.691  INFO 15248 --- [main] trationDelegate$BeanPostProcessorChecker : Bean 'org.springframework.transaction.annotation.ProxyTransactionManagementConfiguration' of type [org.springframework.transaction.annotation.ProxyTransactionManagementConfiguration$$EnhancerBySpringCGLIB$$995485fb] is not eligible for getting processed by all BeanPostProcessors (for example: not eligible for auto-proxying)
2021-11-11 18:22:11.301  INFO 15248 --- [main] com.zaxxer.hikari.HikariDataSource       : HikariPool-1 - Starting...
2021-11-11 18:22:11.676  INFO 15248 --- [main] com.zaxxer.hikari.HikariDataSource       : HikariPool-1 - Start completed.
2021-11-11 18:22:12.056  INFO 15248 --- [main] o.hibernate.jpa.internal.util.LogHelper  : HHH000204: Processing PersistenceUnitInfo [
	name: default
	...]
2021-11-11 18:22:12.221  INFO 15248 --- [main] org.hibernate.Version                    : HHH000412: Hibernate Core {5.3.9.Final}
2021-11-11 18:22:12.237  INFO 15248 --- [main] org.hibernate.cfg.Environment            : HHH000206: hibernate.properties not found
2021-11-11 18:22:12.616  INFO 15248 --- [main] o.hibernate.annotations.common.Version   : HCANN000001: Hibernate Commons Annotations {5.0.4.Final}
2021-11-11 18:22:13.471  INFO 15248 --- [main] org.hibernate.dialect.Dialect            : HHH000400: Using dialect: org.hibernate.dialect.MySQL5Dialect
2021-11-11 18:22:14.248  WARN 15248 --- [main] org.hibernate.mapping.RootClass          : HHH000038: Composite-id class does not override equals(): tn.esprit.spring.entities.TimesheetPK
2021-11-11 18:22:14.248  WARN 15248 --- [main] org.hibernate.mapping.RootClass          : HHH000039: Composite-id class does not override hashCode(): tn.esprit.spring.entities.TimesheetPK
2021-11-11 18:22:16.822  INFO 15248 --- [main] j.LocalContainerEntityManagerFactoryBean : Initialized JPA EntityManagerFactory for persistence unit 'default'
2021-11-11 18:22:17.662  INFO 15248 --- [main] o.h.h.i.QueryTranslatorFactoryInitiator  : HHH000397: Using ASTQueryTranslatorFactory
2021-11-11 18:22:20.118  INFO 15248 --- [main] o.s.s.concurrent.ThreadPoolTaskExecutor  : Initializing ExecutorService 'applicationTaskExecutor'
2021-11-11 18:22:20.294  WARN 15248 --- [main] aWebConfiguration$JpaWebMvcConfiguration : spring.jpa.open-in-view is enabled by default. Therefore, database queries may be performed during view rendering. Explicitly configure spring.jpa.open-in-view to disable this warning
2021-11-11 18:22:21.732  INFO 15248 --- [main] tn.esprit.spring.EntrepriseTest          : Started EntrepriseTest in 15.645 seconds (JVM running for 17.931)
2021-11-11 18:22:22.542  INFO 15248 --- [main] tn.esprit.spring.EntrepriseTest          : Added successfully with
2021-11-11 18:22:22.557  INFO 15248 --- [Thread-2] o.s.s.concurrent.ThreadPoolTaskExecutor  : Shutting down ExecutorService 'applicationTaskExecutor'
2021-11-11 18:22:22.557  INFO 15248 --- [Thread-2] j.LocalContainerEntityManagerFactoryBean : Closing JPA EntityManagerFactory for persistence unit 'default'
2021-11-11 18:22:22.573  INFO 15248 --- [Thread-2] com.zaxxer.hikari.HikariDataSource       : HikariPool-1 - Shutdown initiated...
2021-11-11 18:22:22.604  INFO 15248 --- [Thread-2] com.zaxxer.hikari.HikariDataSource       : HikariPool-1 - Shutdown completed.
